<?xml version="1.0" encoding="UTF-8"?>
<!-- Generated by org.testng.reporters.JUnitReportReporter -->
<testsuite skipped="0" hostname="dell-PC" name="org.testNG.TestNGCase3" tests="3" failures="0" timestamp="31 Jan 2021 20:09:31 GMT" time="12.447" errors="0">
  <testcase name="openGoogle" time="3.062" classname="org.testNG.TestNGCase3"/>
  <testcase name="openYahoo" time="6.807" classname="org.testNG.TestNGCase3"/>
  <testcase name="openBing" time="2.578" classname="org.testNG.TestNGCase3"/>
</testsuite> <!-- org.testNG.TestNGCase3 -->
