<?xml version="1.0" encoding="UTF-8"?>
<!-- Generated by org.testng.reporters.JUnitReportReporter -->
<testsuite skipped="0" hostname="dell-PC" name="org.testNG.TestNGCase1" tests="1" failures="0" timestamp="31 Jan 2021 20:38:16 GMT" time="22.295" errors="0">
  <testcase name="openGoogle" time="22.295" classname="org.testNG.TestNGCase1"/>
</testsuite> <!-- org.testNG.TestNGCase1 -->
