<?xml version="1.0" encoding="UTF-8"?>
<!-- Generated by org.testng.reporters.JUnitReportReporter -->
<testsuite skipped="0" hostname="dell-PC" name="org.excelRead.ExcelRead" tests="1" failures="0" timestamp="31 Jan 2021 19:36:02 GMT" time="0.702" errors="0">
  <testcase name="excelReading" time="0.702" classname="org.excelRead.ExcelRead"/>
</testsuite> <!-- org.excelRead.ExcelRead -->
