<?xml version="1.0" encoding="UTF-8"?>
<!-- Generated by org.testng.reporters.JUnitReportReporter -->
<testsuite skipped="0" hostname="dell-PC" name="org.testNG.TestNGCase2" tests="3" failures="0" timestamp="31 Jan 2021 20:09:31 GMT" time="11.941" errors="0">
  <testcase name="openGoogle" time="3.506" classname="org.testNG.TestNGCase2"/>
  <testcase name="openBing" time="2.702" classname="org.testNG.TestNGCase2"/>
  <testcase name="openYahoo" time="5.733" classname="org.testNG.TestNGCase2"/>
</testsuite> <!-- org.testNG.TestNGCase2 -->
